TEST
Thursday December, 10 2020 21:16:58Akses home
Thursday December, 10 2020 22:08:37 Akses home
Friday December, 11 2020 10:12:02 Akses home
Friday December, 11 2020 10:12:06 Akses get tugas
Friday December, 11 2020 10:14:14 Akses home
Friday December, 11 2020 10:14:46 Akses tambah tugas
Friday December, 11 2020 10:15:02 Akses update tugas
Friday December, 11 2020 10:15:26 Akses update tugas
Friday December, 11 2020 10:16:51 Akses home
Friday December, 11 2020 10:17:06 Akses update tugas
Friday December, 11 2020 10:17:57 Akses home
Friday December, 11 2020 10:18:58 Akses home
Friday December, 11 2020 10:19:06 Akses update tugas
Friday December, 11 2020 10:20:32 Akses home
Friday December, 11 2020 10:21:36 Akses home
Friday December, 11 2020 10:21:39 Akses hapus tugas
Friday December, 11 2020 10:23:34 Akses home
Friday December, 11 2020 10:24:00 Akses hapus tugas
Friday December, 11 2020 10:25:05 Akses home
Friday December, 11 2020 10:25:07 Akses get tugas
Friday December, 11 2020 10:25:14 Akses hapus tugas
Friday December, 11 2020 10:25:15 Akses get tugas
Friday December, 11 2020 10:27:14 Akses home
Friday December, 11 2020 10:27:18 Akses hapus tugas
Friday December, 11 2020 10:27:20 Akses get tugas
Friday December, 11 2020 10:27:56 Akses home
Friday December, 11 2020 10:27:58 Akses get tugas
Friday December, 11 2020 10:28:02 Akses hapus tugas
Friday December, 11 2020 10:28:04 Akses get tugas
Friday December, 11 2020 10:28:14 Akses hapus tugas
Friday December, 11 2020 10:28:16 Akses get tugas
Friday December, 11 2020 10:28:45 Akses tambah tugas
Friday December, 11 2020 10:28:48 Akses get tugas
Friday December, 11 2020 10:37:12 Akses home
Friday December, 11 2020 10:37:15 Akses get tugas
Friday December, 11 2020 10:37:24 Akses hapus tugas
Friday December, 11 2020 10:37:59 Akses hapus tugas
Friday December, 11 2020 10:40:39 Akses home
Friday December, 11 2020 10:40:46 Akses get tugas
Friday December, 11 2020 10:41:12 Akses update tugas
Friday December, 11 2020 10:42:27 Akses home
Friday December, 11 2020 10:43:50 Akses home
Friday December, 11 2020 10:44:00 Akses hapus tugas
Friday December, 11 2020 10:45:17 Akses home
Friday December, 11 2020 10:45:21 Akses hapus tugas
Friday December, 11 2020 10:45:33 Akses get tugas
Friday December, 11 2020 10:45:59 Akses tambah tugas
Friday December, 11 2020 10:46:10 Akses get tugas
Friday December, 11 2020 10:51:30 Akses home
Friday December, 11 2020 10:51:36 Akses get tugas
Friday December, 11 2020 10:52:07 Akses home
Friday December, 11 2020 10:52:09 Akses home
Friday December, 11 2020 10:52:10 Akses home
Friday December, 11 2020 21:35:04 Akses get tugas
Saturday December, 12 2020 18:48:12 Akses home
Saturday December, 12 2020 18:49:02 Akses tambah tugas
Saturday December, 12 2020 18:49:13 Akses get tugas
Saturday December, 12 2020 18:55:39 Akses update tugas
Sunday December, 13 2020 18:48:08 Akses home
Sunday December, 13 2020 18:53:31 Akses home
Sunday December, 13 2020 18:57:51 Akses home
Sunday December, 13 2020 18:59:43 Akses home
Sunday December, 13 2020 19:00:08 Akses update tugas
Sunday December, 13 2020 19:00:09 Akses update tugas
Sunday December, 13 2020 19:00:10 Akses update tugas
Sunday December, 13 2020 19:01:27 Akses home
Sunday December, 13 2020 19:01:38 Akses update tugas
Sunday December, 13 2020 19:01:41 Akses update tugas
Sunday December, 13 2020 19:01:42 Akses update tugas
Sunday December, 13 2020 19:01:43 Akses home
Sunday December, 13 2020 19:02:54 Akses tambah tugas
Sunday December, 13 2020 19:02:56 Akses home
Sunday December, 13 2020 19:03:20 Akses hapus tugas
Sunday December, 13 2020 19:03:22 Akses home
Sunday December, 13 2020 19:08:38 Akses update tugas
Sunday December, 13 2020 19:08:41 Akses home
Sunday December, 13 2020 19:13:23 Akses home
Sunday December, 13 2020 19:13:35 Akses update tugas
Sunday December, 13 2020 19:13:35 Akses home
Sunday December, 13 2020 19:14:42 Akses home
Sunday December, 13 2020 19:15:20 Akses update tugas
Sunday December, 13 2020 19:15:20 Akses home
Sunday December, 13 2020 19:15:27 Akses hapus tugas
Sunday December, 13 2020 19:15:27 Akses home
Sunday December, 13 2020 19:16:16 Akses tambah tugas
Sunday December, 13 2020 19:16:16 Akses home
Sunday December, 13 2020 19:30:34 Akses home
